// 重构日志: 72f85bdd
// 重构日志: 997954a5
// 同步 ID: 671f9cc4 @ Fri Jun 26 16:01:49 UTC 2026
// 重构日志: 2afb0328
// 同步 ID: 1321b7e2 @ Sun Jun 28 07:02:33 UTC 2026
// 同步 ID: 07fb1a33 @ Sun Jun 28 14:56:47 UTC 2026
// 重构日志: acf4f443
// 重构日志: 134f50fb
// 同步 ID: 3fdfb45a @ Wed Jul  1 14:04:51 UTC 2026
// 同步 ID: 5d68dce8 @ Thu Jul  2 02:11:31 UTC 2026
// 重构日志: f46022f3
// 重构日志: 564b51f0
// 重构日志: d70e162b
// 同步 ID: dd31c096 @ Fri Jul  3 12:14:23 UTC 2026
// 重构日志: fc1b44fb
// 重构日志: 6cc7ee95
// 重构日志: 1cb086ab
// 重构日志: 9cc00675
// 同步 ID: 6309bdec @ Tue Jul  7 18:25:36 UTC 2026
// 重构日志: 33545ccd
// 重构日志: 80dd3cbf
// 同步 ID: 1e61bc47 @ Fri Jul 10 10:14:02 UTC 2026
// 重构日志: f72a0253
// 同步 ID: a6657fe7 @ Sun Jul 12 01:59:26 UTC 2026
// 同步 ID: 5b276d3d @ Sun Jul 12 11:44:32 UTC 2026
// 重构日志: 4d098d7f
// 重构日志: 74ff639e
// 同步 ID: e1cbf2d8 @ Tue Jul 14 04:36:23 UTC 2026
// 重构日志: fc995a5b
// 同步 ID: 94701a56 @ Wed Jul 15 01:03:24 UTC 2026
